<?xml version="1.0" encoding="utf-8"?><testsuites name="pytest tests"><testsuite name="pytest" errors="0" failures="0" skipped="0" tests="6" time="6.547" timestamp="2026-04-27T04:28:21.882002+00:00" hostname="agent-env-abec3d8b-1300-4f7c-b8db-2853e46706b9"><testcase classname="backend.tests.test_handover_signature.TestHandoverSignaturePhotos" name="test_signature_name_required_422" time="2.231" /><testcase classname="backend.tests.test_handover_signature.TestHandoverSignaturePhotos" name="test_user_handover_with_photos_and_signature" time="0.235" /><testcase classname="backend.tests.test_handover_signature.TestHandoverSignaturePhotos" name="test_admin_handover_appends_photos_and_stores_admin_sig" time="0.254" /><testcase classname="backend.tests.test_handover_signature.TestHandoverSignaturePhotos" name="test_user_return_with_photos_and_signature" time="0.239" /><testcase classname="backend.tests.test_handover_signature.TestHandoverSignaturePhotos" name="test_admin_return_appends_and_completes" time="0.396" /><testcase classname="backend.tests.test_handover_signature.TestLargePayload" name="test_one_megabyte_payload" time="2.707" /></testsuite></testsuites>