<?xml version="1.0" encoding="utf-8"?><testsuites name="pytest tests"><testsuite name="pytest" errors="0" failures="0" skipped="0" tests="32" time="26.378" timestamp="2026-04-27T04:28:34.914017+00:00" hostname="agent-env-abec3d8b-1300-4f7c-b8db-2853e46706b9"><testcase classname="backend.tests.backend_test.TestAuth" name="test_login_all_roles" time="3.225" /><testcase classname="backend.tests.backend_test.TestAuth" name="test_me_role" time="0.793" /><testcase classname="backend.tests.backend_test.TestAuth" name="test_register_new" time="0.793" /><testcase classname="backend.tests.backend_test.TestAuth" name="test_login_invalid" time="1.169" /><testcase classname="backend.tests.backend_test.TestRBAC" name="test_madmin_blocked_users" time="0.218" /><testcase classname="backend.tests.backend_test.TestRBAC" name="test_cadmin_blocked_users" time="0.177" /><testcase classname="backend.tests.backend_test.TestRBAC" name="test_user_blocked_users" time="0.212" /><testcase classname="backend.tests.backend_test.TestRBAC" name="test_madmin_blocked_vehicle_admin" time="0.255" /><testcase classname="backend.tests.backend_test.TestRBAC" name="test_madmin_blocked_vehicle_create" time="0.167" /><testcase classname="backend.tests.backend_test.TestRBAC" name="test_cadmin_blocked_room_create" time="0.181" /><testcase classname="backend.tests.backend_test.TestRBAC" name="test_cadmin_blocked_admin_bookings" time="0.179" /><testcase classname="backend.tests.backend_test.TestRBAC" name="test_user_blocked_admin_bookings" time="0.182" /><testcase classname="backend.tests.backend_test.TestRBAC" name="test_user_blocked_vehicle_admin" time="0.189" /><testcase classname="backend.tests.backend_test.TestUserMgmt" name="test_list_no_leak" time="0.216" /><testcase classname="backend.tests.backend_test.TestUserMgmt" name="test_update" time="1.039" /><testcase classname="backend.tests.backend_test.TestUserMgmt" name="test_password_reset_then_login" time="2.148" /><testcase classname="backend.tests.backend_test.TestUserMgmt" name="test_meeting_admin_can_reset_password_SECURITY_BUG" time="0.998" /><testcase classname="backend.tests.backend_test.TestMeetingBooking" name="test_create_overlap_approve_cancel" time="1.124" /><testcase classname="backend.tests.backend_test.TestMeetingBooking" name="test_check_in_out_now" time="0.798" /><testcase classname="backend.tests.backend_test.TestMeetingBooking" name="test_my_bookings_shape" time="0.355" /><testcase classname="backend.tests.backend_test.TestVehicleBooking" name="test_full_flow" time="2.162" /><testcase classname="backend.tests.backend_test.TestVehicleBooking" name="test_user_cancel_pending" time="0.749" /><testcase classname="backend.tests.backend_test.TestVehicleBooking" name="test_my_vehicle_shape" time="0.985" /><testcase classname="backend.tests.backend_test.TestNoIdLeaks" name="test_rooms" time="0.206" /><testcase classname="backend.tests.backend_test.TestNoIdLeaks" name="test_vehicles" time="0.350" /><testcase classname="backend.tests.backend_test.TestNoIdLeaks" name="test_drivers" time="0.184" /><testcase classname="backend.tests.test_handover_signature.TestHandoverSignaturePhotos" name="test_signature_name_required_422" time="2.578" /><testcase classname="backend.tests.test_handover_signature.TestHandoverSignaturePhotos" name="test_user_handover_with_photos_and_signature" time="0.317" /><testcase classname="backend.tests.test_handover_signature.TestHandoverSignaturePhotos" name="test_admin_handover_appends_photos_and_stores_admin_sig" time="0.275" /><testcase classname="backend.tests.test_handover_signature.TestHandoverSignaturePhotos" name="test_user_return_with_photos_and_signature" time="0.270" /><testcase classname="backend.tests.test_handover_signature.TestHandoverSignaturePhotos" name="test_admin_return_appends_and_completes" time="0.290" /><testcase classname="backend.tests.test_handover_signature.TestLargePayload" name="test_one_megabyte_payload" time="3.062" /></testsuite></testsuites>