<?xml version="1.0" encoding="utf-8"?><testsuites name="pytest tests"><testsuite name="pytest" errors="0" failures="0" skipped="0" tests="25" time="7.321" timestamp="2026-04-22T02:50:10.837909+00:00" hostname="agent-env-abec3d8b-1300-4f7c-b8db-2853e46706b9"><testcase classname="backend.tests.backend_test" name="test_root_health" time="0.375" /><testcase classname="backend.tests.backend_test.TestAuth" name="test_register_success" time="0.460" /><testcase classname="backend.tests.backend_test.TestAuth" name="test_register_duplicate" time="0.624" /><testcase classname="backend.tests.backend_test.TestAuth" name="test_login_admin" time="0.467" /><testcase classname="backend.tests.backend_test.TestAuth" name="test_login_invalid" time="0.409" /><testcase classname="backend.tests.backend_test.TestAuth" name="test_me_with_token" time="0.596" /><testcase classname="backend.tests.backend_test.TestAuth" name="test_me_without_token" time="0.124" /><testcase classname="backend.tests.backend_test.TestRooms" name="test_list_rooms_seeded" time="0.142" /><testcase classname="backend.tests.backend_test.TestRooms" name="test_get_room_by_id" time="0.127" /><testcase classname="backend.tests.backend_test.TestRooms" name="test_room_availability" time="0.303" /><testcase classname="backend.tests.backend_test.TestRooms" name="test_create_room_non_admin" time="0.133" /><testcase classname="backend.tests.backend_test.TestRooms" name="test_admin_room_crud" time="0.746" /><testcase classname="backend.tests.backend_test.TestBookings" name="test_create_booking_pending" time="0.179" /><testcase classname="backend.tests.backend_test.TestBookings" name="test_overlap_409" time="0.263" /><testcase classname="backend.tests.backend_test.TestBookings" name="test_past_date_400" time="0.131" /><testcase classname="backend.tests.backend_test.TestBookings" name="test_participants_exceed_capacity_400" time="0.195" /><testcase classname="backend.tests.backend_test.TestBookings" name="test_inactive_room_400" time="0.127" /><testcase classname="backend.tests.backend_test.TestBookings" name="test_my_bookings_only_caller" time="0.156" /><testcase classname="backend.tests.backend_test.TestBookings" name="test_admin_list_bookings" time="0.129" /><testcase classname="backend.tests.backend_test.TestBookings" name="test_admin_list_filters" time="0.137" /><testcase classname="backend.tests.backend_test.TestBookings" name="test_non_admin_list_403" time="0.134" /><testcase classname="backend.tests.backend_test.TestBookings" name="test_admin_approve" time="0.133" /><testcase classname="backend.tests.backend_test.TestBookings" name="test_user_cancel_own" time="0.268" /><testcase classname="backend.tests.backend_test.TestAdmin" name="test_stats" time="0.138" /><testcase classname="backend.tests.backend_test.TestAdmin" name="test_stats_non_admin" time="0.120" /></testsuite></testsuites>